<?xml version="1.0" encoding="UTF-8"?>
<!-- Generated by org.testng.reporters.JUnitReportReporter -->
<testsuite skipped="0" hostname="LAPTOP-27EV5S9M" name="manishalearning.DemoTest" tests="1" failures="0" timestamp="2019-10-03T23:03:34 BST" time="8.553" errors="0">
  <testcase name="Homepage" time="8.553" classname="manishalearning.DemoTest"/>
</testsuite> <!-- manishalearning.DemoTest -->
